#
# A fatal error has been detected by the Java Runtime Environment:
#
#  Internal Error (javaClasses.cpp:136), pid=5084, tid=3800
#  fatal error: Invalid layout of preloaded class
#
# JRE version:  (7.0_45-b18) (build )
# Java VM: Java HotSpot(TM) 64-Bit Server VM (24.45-b08 mixed mode windows-amd64 compressed oops)
# Failed to write core dump. Minidumps are not enabled by default on client versions of Windows
#
# If you would like to submit a bug report, please visit:
#   http://bugreport.sun.com/bugreport/crash.jsp
#

---------------  T H R E A D  ---------------

Current thread (0x00000000000ed800):  JavaThread "Unknown thread" [_thread_in_vm, id=3800, stack(0x0000000002660000,0x0000000002760000)]

Stack: [0x0000000002660000,0x0000000002760000]

---------------  P R O C E S S  ---------------

Java Threads: ( => current thread )

Other Threads:

=>0x00000000000ed800 (exited) JavaThread "Unknown thread" [_thread_in_vm, id=3800, stack(0x0000000002660000,0x0000000002760000)]

VM state:not at safepoint (not fully initialized)

VM Mutex/Monitor currently owned by a thread: None

GC Heap History (0 events):
No events

Deoptimization events (0 events):
No events

Internal exceptions (0 events):
No events

Events (10 events):
Event: 0.008 loading class 0x000000000259cb00 done
Event: 0.008 loading class 0x000000000259c520 done
Event: 0.008 loading class 0x000000000259c500
Event: 0.008 loading class 0x00000000025a4600
Event: 0.008 loading class 0x00000000025a4600 done
Event: 0.008 loading class 0x00000000025a4630
Event: 0.008 loading class 0x00000000025a4630 done
Event: 0.008 loading class 0x00000000025a4660
Event: 0.008 loading class 0x00000000025a4660 done
Event: 0.009 loading class 0x000000000259c500 done


Dynamic libraries:
0x000000013f670000 - 0x000000013f6a3000 	D:\Program Files\Java\jdk1.7.0_45\bin\javaw.exe
0x00000000773b0000 - 0x0000000077559000 	C:\Windows\SYSTEM32\ntdll.dll
0x0000000077290000 - 0x00000000773af000 	C:\Windows\system32\kernel32.dll
0x000007fefd3b0000 - 0x000007fefd41b000 	C:\Windows\system32\KERNELBASE.dll
0x000007fefdb80000 - 0x000007fefdc5b000 	C:\Windows\system32\ADVAPI32.dll
0x000007fefdda0000 - 0x000007fefde3f000 	C:\Windows\system32\msvcrt.dll
0x000007fefeea0000 - 0x000007fefeebf000 	C:\Windows\SYSTEM32\sechost.dll
0x000007feff070000 - 0x000007feff19d000 	C:\Windows\system32\RPCRT4.dll
0x0000000077190000 - 0x000000007728a000 	C:\Windows\system32\USER32.dll
0x000007fefdc60000 - 0x000007fefdcc7000 	C:\Windows\system32\GDI32.dll
0x000007fefe100000 - 0x000007fefe10e000 	C:\Windows\system32\LPK.dll
0x000007fefdcd0000 - 0x000007fefdd99000 	C:\Windows\system32\USP10.dll
0x000007fefbb40000 - 0x000007fefbd34000 	C:\Windows\WinSxS\amd64_microsoft.windows.common-controls_6595b64144ccf1df_6.0.7601.17514_none_fa396087175ac9ac\COMCTL32.dll
0x000007fefef70000 - 0x000007fefefe1000 	C:\Windows\system32\SHLWAPI.dll
0x000007fefef40000 - 0x000007fefef6e000 	C:\Windows\system32\IMM32.DLL
0x000007fefd800000 - 0x000007fefd909000 	C:\Windows\system32\MSCTF.dll
0x0000000068790000 - 0x0000000068862000 	D:\Program Files\Java\jdk1.7.0_45\jre\bin\msvcr100.dll
0x00000000713b0000 - 0x0000000071b79000 	D:\Program Files\Java\jdk1.7.0_45\jre\bin\server\jvm.dll
0x000007fef84c0000 - 0x000007fef84c9000 	C:\Windows\system32\WSOCK32.dll
0x000007feff3c0000 - 0x000007feff40d000 	C:\Windows\system32\WS2_32.dll
0x000007fefd910000 - 0x000007fefd918000 	C:\Windows\system32\NSI.dll
0x000007fefb510000 - 0x000007fefb54b000 	C:\Windows\system32\WINMM.dll
0x0000000077570000 - 0x0000000077577000 	C:\Windows\system32\PSAPI.DLL
0x00000000747e0000 - 0x00000000747ef000 	D:\Program Files\Java\jdk1.7.0_45\jre\bin\verify.dll
0x00000000747b0000 - 0x00000000747d8000 	D:\Program Files\Java\jdk1.7.0_45\jre\bin\java.dll
0x0000000074790000 - 0x00000000747a5000 	D:\Program Files\Java\jdk1.7.0_45\jre\bin\zip.dll

VM Arguments:
jvm_args: -Dfile.encoding=GBK -Xbootclasspath:D:\pro\sdk\platforms\android-19\android.jar 
java_command: com.example.testmms.MyDb
Launcher Type: SUN_STANDARD

Environment Variables:
JAVA_HOME=D:\Program Files\Java\jdk1.7.0_45
PATH=D:/Program Files/Java/jdk1.7.0_45/bin/../jre/bin/server;D:/Program Files/Java/jdk1.7.0_45/bin/../jre/bin;D:/Program Files/Java/jdk1.7.0_45/bin/../jre/lib/amd64;C:\Program Files (x86)\Intel\iCLS Client\;C:\Program Files\Intel\iCLS Client\;C:\Windows\system32;C:\Windows;C:\Windows\System32\Wbem;C:\Windows\System32\WindowsPowerShell\v1.0\;C:\Program Files\Intel\Intel(R) Management Engine Components\DAL;C:\Program Files\Intel\Intel(R) Management Engine Components\IPT;C:\Program Files (x86)\Intel\Intel(R) Management Engine Components\DAL;C:\Program Files (x86)\Intel\Intel(R) Management Engine Components\IPT;D:\Program Files\Java\jdk1.7.0_45\bin;d:\Ruby200-x64\bin;d:\apache-ant-1.9.4\bin;D:\pro\sdk\tools\;D:\pro\sdk\platform-tools;D:\pro\git\bin;D:\pro\gradle-1.12\bin;D:\pro\eclipse;
USERNAME=dun
OS=Windows_NT
PROCESSOR_IDENTIFIER=Intel64 Family 6 Model 58 Stepping 9, GenuineIntel



---------------  S Y S T E M  ---------------

OS: Windows 7 , 64 bit Build 7601 Service Pack 1

CPU:total 4 (2 cores per cpu, 2 threads per core) family 6 model 58 stepping 9, cmov, cx8, fxsr, mmx, sse, sse2, sse3, ssse3, sse4.1, sse4.2, popcnt, avx, aes, erms, ht, tsc, tscinvbit, tscinv

Memory: 4k page, physical 6261104k(3834160k free), swap 12520364k(9710248k free)

vm_info: Java HotSpot(TM) 64-Bit Server VM (24.45-b08) for windows-amd64 JRE (1.7.0_45-b18), built on Oct  8 2013 05:47:22 by "java_re" with unknown MS VC++:1600

time: Thu Jul 17 00:27:08 2014
elapsed time: 0 seconds

